[2024-10-17 13:26:01]: Erreur [512]: Ceci est une erreur de test dans le fichier /Users/ibrahima/ww-dev/projects/garyclark/poo/solid/di/index.php à la ligne 30
[2024-10-17 13:26:01]: Exception: Division by zero
[2024-10-17 13:26:01]: Exception: Ceci est une exception de test
[2024-10-17 13:26:01]: Exception: Call to undefined function fonctionInexistante()
[2024-10-17 13:26:01]: Erreur [16384]: Erreur de dépréciation dans le fichier /Users/ibrahima/ww-dev/projects/garyclark/poo/solid/di/index.php à la ligne 72
[2024-10-17 13:26:01]: Erreur [1024]: Erreur de notice dans le fichier /Users/ibrahima/ww-dev/projects/garyclark/poo/solid/di/index.php à la ligne 73
[2024-10-17 13:26:01]: Erreur [512]: Erreur d'avertissement dans le fichier /Users/ibrahima/ww-dev/projects/garyclark/poo/solid/di/index.php à la ligne 74
[2024-10-17 13:26:46]: Erreur [512]: Ceci est une erreur de test dans le fichier /Users/ibrahima/ww-dev/projects/garyclark/poo/solid/di/index.php à la ligne 30
[2024-10-17 13:26:46]: Exception: Division by zero
[2024-10-17 13:26:46]: Exception: Ceci est une exception de test
[2024-10-17 13:26:46]: Exception: Call to undefined function fonctionInexistante()
[2024-10-17 13:26:46]: Erreur [16384]: Erreur de dépréciation dans le fichier /Users/ibrahima/ww-dev/projects/garyclark/poo/solid/di/index.php à la ligne 72
[2024-10-17 13:26:46]: Erreur [1024]: Erreur de notice dans le fichier /Users/ibrahima/ww-dev/projects/garyclark/poo/solid/di/index.php à la ligne 73
[2024-10-17 13:26:46]: Erreur [512]: Erreur d'avertissement dans le fichier /Users/ibrahima/ww-dev/projects/garyclark/poo/solid/di/index.php à la ligne 74
[2024-10-17 13:31:06]: Erreur [512]: Ceci est une erreur de test dans le fichier /Users/ibrahima/ww-dev/projects/garyclark/poo/solid/di/index.php à la ligne 29
[2024-10-17 13:31:06]: Exception: Division by zero
[2024-10-17 13:31:06]: Exception: Ceci est une exception de test
[2024-10-17 13:31:06]: Exception: Call to undefined function fonctionInexistante()
[2024-10-17 13:31:06]: Erreur [16384]: Erreur de dépréciation dans le fichier /Users/ibrahima/ww-dev/projects/garyclark/poo/solid/di/index.php à la ligne 71
[2024-10-17 13:31:06]: Erreur [1024]: Erreur de notice dans le fichier /Users/ibrahima/ww-dev/projects/garyclark/poo/solid/di/index.php à la ligne 72
[2024-10-17 13:31:06]: Erreur [512]: Erreur d'avertissement dans le fichier /Users/ibrahima/ww-dev/projects/garyclark/poo/solid/di/index.php à la ligne 73
[2024-10-17 13:31:13]: Erreur [512]: Ceci est une erreur de test dans le fichier /Users/ibrahima/ww-dev/projects/garyclark/poo/solid/di/index.php à la ligne 29
[2024-10-17 13:31:13]: Exception: Division by zero
[2024-10-17 13:31:13]: Exception: Ceci est une exception de test
[2024-10-17 13:31:13]: Exception: Call to undefined function fonctionInexistante()
[2024-10-17 13:31:13]: Erreur [16384]: Erreur de dépréciation dans le fichier /Users/ibrahima/ww-dev/projects/garyclark/poo/solid/di/index.php à la ligne 71
[2024-10-17 13:31:13]: Erreur [1024]: Erreur de notice dans le fichier /Users/ibrahima/ww-dev/projects/garyclark/poo/solid/di/index.php à la ligne 72
[2024-10-17 13:31:13]: Erreur [512]: Erreur d'avertissement dans le fichier /Users/ibrahima/ww-dev/projects/garyclark/poo/solid/di/index.php à la ligne 73
